make all --print-data-base --no-builtin-variables --no-builtin-rules --question
# GNU Make 4.3
# Built for x86_64-pc-linux-gnu
# Copyright (C) 1988-2020 Free Software Foundation, Inc.
# License GPLv3+: GNU GPL version 3 or later <http://gnu.org/licenses/gpl.html>
# This is free software: you are free to change and redistribute it.
# There is NO WARRANTY, to the extent permitted by law.

# Make data base, printed on Sun Jun  5 18:25:48 2022

# Variables

# environment
GDK_BACKEND = x11
# environment
LC_ALL = C
# environment
GNOME_SHELL_SESSION_MODE = ubuntu
# environment
SSH_AGENT_LAUNCHER = gnome-keyring
# environment
SNAP_INSTANCE_KEY = 
# environment
GJS_DEBUG_OUTPUT = stderr
# environment
VSCODE_IPC_HOOK_EXTHOST = /run/user/1000/vscode-ipc-b46f452d-400b-41d6-863e-bf6c74c08a50.sock
# environment
MANDATORY_PATH = /usr/share/gconf/ubuntu.mandatory.path
# environment
LC_NAME = pt_PT.UTF-8
# environment
LC_NUMERIC = pt_PT.UTF-8
# environment
VSCODE_CWD = /home/vantunes
# environment
WINDOWPATH = 2
# environment
LC_ADDRESS = pt_PT.UTF-8
# default
MAKE_COMMAND := make
# environment
QT_ACCESSIBILITY = 1
# automatic
@D = $(patsubst %/,%,$(dir $@))
# environment
SNAP_INSTANCE_NAME = code
# environment
GDK_PIXBUF_MODULEDIR = /snap/code/97/usr/lib/x86_64-linux-gnu/gdk-pixbuf-2.0/2.10.0/loaders
# environment
VSCODE_HANDLES_UNCAUGHT_ERRORS = true
# default
.VARIABLES := 
# environment
PWD = /home/vantunes/Desktop/ChessGame
# automatic
%D = $(patsubst %/,%,$(dir $%))
# environment
XDG_DATA_DIRS = /usr/share/ubuntu:/usr/share/gnome:/usr/local/share/:/usr/share/:/var/lib/snapd/desktop
# automatic
^D = $(patsubst %/,%,$(dir $^))
# environment
VSCODE_LOG_STACK = false
# automatic
%F = $(notdir $%)
# environment
VSCODE_CODE_CACHE_PATH = /home/vantunes/.config/Code/CachedData/c3511e6c69bb39013c4a4b7b9566ec1ca73fc4d5
# environment
LANG = C
# environment
XAUTHORITY = /run/user/1000/gdm/Xauthority
# default
.LOADED := 
# default
.INCLUDE_DIRS = /usr/local/include /usr/include /usr/include
# makefile
MAKEFLAGS = pqrR
# makefile
CURDIR := /home/vantunes/Desktop/ChessGame
# environment
VSCODE_PIPE_LOGGING = true
# environment
APPLICATION_INSIGHTS_NO_DIAGNOSTIC_CHANNEL = 1
# makefile (from 'Makefile', line 5)
SRCS = main.cpp ChessPieces/pawn.cpp ChessPieces/horse.cpp ChessPieces/bishop.cpp ChessPieces/king.cpp ChessPieces/knight.cpp ChessPieces/queen.cpp ChessPieces/rook.cpp
# automatic
*D = $(patsubst %/,%,$(dir $*))
# environment
MFLAGS = -pqrR
# environment
SSH_AUTH_SOCK = /run/user/1000/keyring/ssh
# default
.SHELLFLAGS := -c
# environment
XDG_CONFIG_DIRS = /etc/xdg/xdg-ubuntu:/etc/xdg
# automatic
+D = $(patsubst %/,%,$(dir $+))
# environment
XDG_SESSION_DESKTOP = ubuntu
# makefile (from 'Makefile', line 1)
MAKEFILE_LIST := Makefile
# environment
SNAP_REEXEC = 
# automatic
@F = $(notdir $@)
# environment
VSCODE_VERBOSE_LOGGING = true
# environment
VSCODE_PID = 5715
# environment
XDG_SESSION_TYPE = x11
# automatic
?D = $(patsubst %/,%,$(dir $?))
# environment
BAMF_DESKTOP_FILE_HINT = /var/lib/snapd/desktop/applications/code_code.desktop
# environment
SESSION_MANAGER = local/valerio-crl:@/tmp/.ICE-unix/3457,unix/valerio-crl:/tmp/.ICE-unix/3457
# automatic
*F = $(notdir $*)
# environment
CHROME_DESKTOP = code-url-handler.desktop
# environment
DBUS_SESSION_BUS_ADDRESS = unix:path=/run/user/1000/bus
# automatic
<D = $(patsubst %/,%,$(dir $<))
# environment
VSCODE_NLS_CONFIG = {"locale":"en-us","availableLanguages":{},"_languagePackSupport":true}
# makefile (from 'Makefile', line 3)
INCLUDE = -lsfml-graphics -lsfml-window -lsfml-system -g
# default
MAKE_HOST := x86_64-pc-linux-gnu
# makefile (from 'Makefile', line 7)
OBJS = $(SRCS:.cpp=.o)
# environment
GNOME_DESKTOP_SESSION_ID = this-is-deprecated
# makefile
SHELL = /bin/sh
# default
MAKECMDGOALS := all
# environment
XMODIFIERS = @im=ibus
# environment
GJS_DEBUG_TOPICS = JS ERROR;JS LOG
# environment
SHLVL = 0
# environment
MAKELEVEL := 0
# default
MAKE = $(MAKE_COMMAND)
# environment
SNAP_COOKIE = SH3nYh-v_46mWYHFoFpebRuABqh47eHn-U8dByQns_U-nYOC5kMv
# environment
PATH = /usr/local/sbin:/usr/local/bin:/usr/sbin:/usr/bin:/sbin:/bin:/usr/games:/usr/local/games:/snap/bin:/snap/bin
# default
MAKEFILES := 
# environment
LC_MONETARY = pt_PT.UTF-8
# automatic
^F = $(notdir $^)
# environment
SNAP_USER_COMMON = /home/vantunes/snap/code/common
# environment
LC_TIME = pt_PT.UTF-8
# environment
SNAP = /snap/code/97
# environment
INVOCATION_ID = ff423f066cb34711b634d2c5e8992bcb
# environment
SNAP_REVISION = 97
# environment
SNAP_REAL_HOME = /home/vantunes
# environment
VSCODE_LOG_NATIVE = false
# environment
USERNAME = vantunes
# environment
LC_TELEPHONE = pt_PT.UTF-8
# automatic
?F = $(notdir $?)
# makefile (from 'Makefile', line 1)
NAME = ChessGame
# environment
XDG_CURRENT_DESKTOP = Unity
# automatic
+F = $(notdir $+)
# environment
DESKTOP_SESSION = ubuntu
# environment
ORIGINAL_XDG_CURRENT_DESKTOP = ubuntu:GNOME
# 'override' directive
GNUMAKEFLAGS := 
# environment
LOGNAME = vantunes
# environment
GIO_LAUNCHED_DESKTOP_FILE = /var/lib/snapd/desktop/applications/code_code.desktop
# environment
SNAP_ARCH = amd64
# makefile
.DEFAULT_GOAL := ChessGame
# environment
SYSTEMD_EXEC_PID = 3496
# environment
DISPLAY = :1
# environment
USER = vantunes
# environment
GTK_MODULES = gail:atk-bridge
# environment
DEFAULTS_PATH = /usr/share/gconf/ubuntu.default.path
# default
MAKE_VERSION := 4.3
# environment
DISABLE_WAYLAND = 1
# environment
SNAP_DATA = /var/snap/code/97
# environment
SNAP_CONTEXT = SH3nYh-v_46mWYHFoFpebRuABqh47eHn-U8dByQns_U-nYOC5kMv
# environment
MANAGERPID = 2914
# environment
LC_MEASUREMENT = pt_PT.UTF-8
# environment
GIO_LAUNCHED_DESKTOP_FILE_PID = 5663
# environment
_ = /snap/code/97/usr/share/code/code
# environment
LC_PAPER = pt_PT.UTF-8
# environment
XDG_RUNTIME_DIR = /run/user/1000
# environment
GPG_AGENT_INFO = /run/user/1000/gnupg/S.gpg-agent:0:1
# environment
GDK_PIXBUF_MODULE_FILE = /home/vantunes/snap/code/common/.cache/gdk-pixbuf-loaders.cache
# environment
LC_CTYPE = pt_PT.UTF-8
# environment
JOURNAL_STREAM = 8:27502
# environment
XDG_SESSION_CLASS = user
# environment
VSCODE_AMD_ENTRYPOINT = vs/workbench/api/node/extensionHostProcess
# environment
HOME = /home/vantunes
# environment
QT_IM_MODULE = ibus
# environment
ELECTRON_RUN_AS_NODE = 1
# environment
VSCODE_IPC_HOOK = /run/user/1000/vscode-b54b5c09-1.67.2-main.sock
# environment
SNAP_NAME = code
# environment
GSETTINGS_SCHEMA_DIR = /snap/code/97/usr/share/glib-2.0/schemas
# default
.RECIPEPREFIX := 
# automatic
<F = $(notdir $<)
# environment
SNAP_VERSION = c3511e6c
# default
SUFFIXES := 
# environment
VSCODE_CLI = 1
# environment
ELECTRON_NO_ATTACH_CONSOLE = 1
# environment
SNAP_COMMON = /var/snap/code/common
# default
.FEATURES := target-specific order-only second-expansion else-if shortest-stem undefine oneshell nocomment grouped-target extra-prereqs archives jobserver output-sync check-symlink load
# environment
SNAP_USER_DATA = /home/vantunes/snap/code/97
# environment
XDG_MENU_PREFIX = gnome-
# environment
GDMSESSION = ubuntu
# environment
LC_IDENTIFICATION = pt_PT.UTF-8
# environment
SNAP_LIBRARY_PATH = /var/lib/snapd/lib/gl:/var/lib/snapd/lib/gl32:/var/lib/snapd/void
# variable set hash-table stats:
# Load=133/1024=13%, Rehash=0, Collisions=7/167=4%

# Pattern-specific Variable Values

# No pattern-specific variable values.

# Directories

 
# . (device 66310, inode 2755469): 13 files, no impossibilities.
# ChessPieces (device 66310, inode 2753601): 23 files, no impossibilities so far.

# 36 files, no impossibilities in 2 directories.

# Implicit Rules

%.o: %.cpp
#  recipe to execute (from 'Makefile', line 10):
	clang++ ${FLAGS} -c $< -o $@

# 1 implicit rules, 0 (0.0%) terminal.
# Files

# Not a target:
ChessPieces/horse.cpp:
#  Implicit rule search has been done.
#  Last modified 2022-06-03 07:07:58.433957676
#  File has been updated.
#  Successfully updated.

# Not a target:
ChessPieces/bishop.cpp:
#  Implicit rule search has been done.
#  Last modified 2022-06-03 07:04:47.437853193
#  File has been updated.
#  Successfully updated.

# Not a target:
ChessPieces/queen.cpp:
#  Implicit rule search has been done.
#  Last modified 2022-06-03 07:10:32.676886816
#  File has been updated.
#  Successfully updated.

ChessPieces/pawn.o: ChessPieces/pawn.cpp
#  Implicit rule search has been done.
#  Implicit/static pattern stem: 'ChessPieces/pawn'
#  Last modified 2022-06-05 18:25:29.541019301
#  File has been updated.
#  Successfully updated.
#  recipe to execute (from 'Makefile', line 10):
	clang++ ${FLAGS} -c $< -o $@

# Not a target:
Makefile:
#  Implicit rule search has been done.
#  Last modified 2022-06-05 18:25:27.288991831
#  File has been updated.
#  Successfully updated.

ChessPieces/bishop.o: ChessPieces/bishop.cpp
#  Implicit rule search has been done.
#  Implicit/static pattern stem: 'ChessPieces/bishop'
#  Last modified 2022-06-05 18:25:29.893023585
#  File has been updated.
#  Successfully updated.
#  recipe to execute (from 'Makefile', line 10):
	clang++ ${FLAGS} -c $< -o $@

clean:
#  Implicit rule search has not been done.
#  Modification time never checked.
#  File has not been updated.
#  recipe to execute (from 'Makefile', line 18):
	rm -f $(OBJS)

re: fclean all
#  Implicit rule search has not been done.
#  Modification time never checked.
#  File has not been updated.

# Not a target:
ChessPieces/pawn.cpp:
#  Implicit rule search has been done.
#  Last modified 2022-06-05 18:02:54.837175503
#  File has been updated.
#  Successfully updated.

ChessPieces/horse.o: ChessPieces/horse.cpp
#  Implicit rule search has been done.
#  Implicit/static pattern stem: 'ChessPieces/horse'
#  Last modified 2022-06-05 18:25:29.717021443
#  File has been updated.
#  Successfully updated.
#  recipe to execute (from 'Makefile', line 10):
	clang++ ${FLAGS} -c $< -o $@

ChessPieces/queen.o: ChessPieces/queen.cpp
#  Implicit rule search has been done.
#  Implicit/static pattern stem: 'ChessPieces/queen'
#  Last modified 2022-06-05 18:25:30.437030191
#  File has been updated.
#  Successfully updated.
#  recipe to execute (from 'Makefile', line 10):
	clang++ ${FLAGS} -c $< -o $@

# Not a target:
.DEFAULT:
#  Implicit rule search has not been done.
#  Modification time never checked.
#  File has not been updated.

all: ChessGame
#  Command line target.
#  Implicit rule search has been done.
#  File does not exist.
#  File has been updated.
#  Successfully updated.

fclean: clean
#  Implicit rule search has not been done.
#  Modification time never checked.
#  File has not been updated.
#  recipe to execute (from 'Makefile', line 21):
	rm -f $(NAME)

run: all clean
#  Implicit rule search has not been done.
#  Modification time never checked.
#  File has not been updated.
#  recipe to execute (from 'Makefile', line 24):
	./ChessGame

ChessPieces/king.o: ChessPieces/king.cpp
#  Implicit rule search has been done.
#  Implicit/static pattern stem: 'ChessPieces/king'
#  Last modified 2022-06-05 18:25:30.069025724
#  File has been updated.
#  Successfully updated.
#  recipe to execute (from 'Makefile', line 10):
	clang++ ${FLAGS} -c $< -o $@

# Not a target:
main.cpp:
#  Implicit rule search has been done.
#  Last modified 2022-06-05 18:25:12.768811184
#  File has been updated.
#  Successfully updated.

# Not a target:
ChessPieces/king.cpp:
#  Implicit rule search has been done.
#  Last modified 2022-06-03 07:08:18.497311837
#  File has been updated.
#  Successfully updated.

main.o: main.cpp
#  Implicit rule search has been done.
#  Implicit/static pattern stem: 'main'
#  Last modified 2022-06-05 18:25:29.349016965
#  File has been updated.
#  Successfully updated.
#  recipe to execute (from 'Makefile', line 10):
	clang++ ${FLAGS} -c $< -o $@

ChessPieces/knight.o: ChessPieces/knight.cpp
#  Implicit rule search has been done.
#  Implicit/static pattern stem: 'ChessPieces/knight'
#  Last modified 2022-06-05 18:25:30.249027909
#  File has been updated.
#  Successfully updated.
#  recipe to execute (from 'Makefile', line 10):
	clang++ ${FLAGS} -c $< -o $@

# Not a target:
ChessPieces/knight.cpp:
#  Implicit rule search has been done.
#  Last modified 2022-06-03 07:09:21.356358005
#  File has been updated.
#  Successfully updated.

ChessGame: main.o ChessPieces/pawn.o ChessPieces/horse.o ChessPieces/bishop.o ChessPieces/king.o ChessPieces/knight.o ChessPieces/queen.o ChessPieces/rook.o
#  Implicit rule search has not been done.
#  Last modified 2022-06-05 18:25:30.669033007
#  File has been updated.
#  Successfully updated.
#  recipe to execute (from 'Makefile', line 13):
	clang++ $(OBJS) $(INCLUDE) -o $(NAME)

ChessPieces/rook.o: ChessPieces/rook.cpp
#  Implicit rule search has been done.
#  Implicit/static pattern stem: 'ChessPieces/rook'
#  Last modified 2022-06-05 18:25:30.613032328
#  File has been updated.
#  Successfully updated.
#  recipe to execute (from 'Makefile', line 10):
	clang++ ${FLAGS} -c $< -o $@

# Not a target:
ChessPieces/rook.cpp:
#  Implicit rule search has been done.
#  Last modified 2022-06-05 18:23:58.911792046
#  File has been updated.
#  Successfully updated.

# files hash-table stats:
# Load=25/1024=2%, Rehash=0, Collisions=0/74=0%
# VPATH Search Paths

# No 'vpath' search paths.

# No general ('VPATH' variable) search path.

# strcache buffers: 1 (0) / strings = 67 / storage = 807 B / avg = 12 B
# current buf: size = 8162 B / used = 807 B / count = 67 / avg = 12 B

# strcache performance: lookups = 98 / hit rate = 31%
# hash-table stats:
# Load=67/8192=1%, Rehash=0, Collisions=0/98=0%
# Finished Make data base on Sun Jun  5 18:25:48 2022

 
